10/01/2021 20:37:42 : INFO : Started
10/01/2021 20:37:44 : INFO : г. Нижний Тагил - http://vmt-nt.ru is processing
10/01/2021 20:37:49 : WARNING : http://vmt-nt.ru is unreachable due to: Message: timeout: Timed out receiving message from renderer: 4.432
  (Session info: headless chrome=94.0.4606.61)
 , skipping
10/01/2021 20:37:49 : INFO : г. Нижний Тагил - http://ntgpk.com is processing
10/01/2021 20:37:54 : WARNING : http://ntgpk.com is unreachable due to: Message: timeout: Timed out receiving message from renderer: 3.820
  (Session info: headless chrome=94.0.4606.61)
 , skipping
10/01/2021 20:37:54 : INFO : г. Нижний Тагил - http://nttek.ru is processing
10/01/2021 20:37:59 : WARNING : http://nttek.ru is unreachable due to: Message: timeout: Timed out receiving message from renderer: 4.280
  (Session info: headless chrome=94.0.4606.61)
 , skipping
10/01/2021 20:37:59 : INFO : г. Нижний Тагил - http://гимназия18.рф is processing
10/01/2021 20:38:04 : WARNING : http://гимназия18.рф is unreachable due to: Message: timeout: Timed out receiving message from renderer: 3.861
  (Session info: headless chrome=94.0.4606.61)
 , skipping
10/01/2021 20:38:04 : INFO : г. Нижний Тагил - http://school64.ucoz.ru is processing
10/01/2021 20:38:09 : WARNING : http://school64.ucoz.ru is unreachable due to: Message: timeout: Timed out receiving message from renderer: 3.589
  (Session info: headless chrome=94.0.4606.61)
 , skipping
10/01/2021 20:38:09 : INFO : г. Нижний Тагил - http://shkola33.tagilhost.su is processing
10/01/2021 20:38:14 : WARNING : http://shkola33.tagilhost.su is unreachable due to: Message: timeout: Timed out receiving message from renderer: 4.324
  (Session info: headless chrome=94.0.4606.61)
 , skipping
10/01/2021 20:38:14 : INFO : г. Нижний Тагил - http://school-71.ru is processing
10/01/2021 20:38:19 : WARNING : http://school-71.ru is unreachable due to: Message: timeout: Timed out receiving message from renderer: 4.206
  (Session info: headless chrome=94.0.4606.61)
 , skipping
10/01/2021 20:38:19 : INFO : г. Нижний Тагил - http://ntschool44.3dn.ru is processing
10/01/2021 20:38:24 : WARNING : http://ntschool44.3dn.ru is unreachable due to: Message: timeout: Timed out receiving message from renderer: 4.140
  (Session info: headless chrome=94.0.4606.61)
 , skipping
10/01/2021 20:38:24 : INFO : г. Нижний Тагил - http://wkola25.ucoz.ru is processing
10/01/2021 20:38:29 : WARNING : http://wkola25.ucoz.ru is unreachable due to: Message: timeout: Timed out receiving message from renderer: 4.344
  (Session info: headless chrome=94.0.4606.61)
 , skipping
10/01/2021 20:38:29 : INFO : г. Нижний Тагил - http://ntkadet.ucoz.ru is processing
10/01/2021 20:38:34 : DEBUG : STREAM b'IHDR' 16 13
10/01/2021 20:38:34 : DEBUG : STREAM b'sRGB' 41 1
10/01/2021 20:38:34 : DEBUG : STREAM b'IDAT' 54 8192
10/01/2021 20:38:37 : WARNING : Перейти на "Сведения об организации" не получилось, чтож, попробуем без этого
10/01/2021 20:41:09 : INFO : Started
10/01/2021 20:41:10 : INFO : г. Нижний Тагил - http://vmt-nt.ru is processing
10/01/2021 20:41:15 : WARNING : http://vmt-nt.ru is unreachable due to: Message: timeout: Timed out receiving message from renderer: 3.097
  (Session info: headless chrome=94.0.4606.61)
 , skipping
10/01/2021 20:41:15 : INFO : г. Нижний Тагил - http://ntgpk.com is processing
